<?xml version="1.0" encoding="UTF-8"?>
<coverage generated="1566950959218" clover="3.2.0">
  <project timestamp="1566950959218" name="All files">
    <metrics statements="77" coveredstatements="77" conditionals="12" coveredconditionals="12" methods="51" coveredmethods="51" elements="140" coveredelements="140" complexity="0" loc="77" ncloc="77" packages="1" files="6" classes="6"/>
    <file name="Actions.ts" path="/Users/brandon/Documents/github/nullpub/dux/src/Actions.ts">
      <metrics statements="17" coveredstatements="17" conditionals="5" coveredconditionals="5" methods="11" coveredmethods="11"/>
      <line num="132" count="6" type="stmt"/>
      <line num="133" count="49" type="cond" truecount="2" falsecount="0"/>
      <line num="138" count="25" type="stmt"/>
      <line num="139" count="98" type="stmt"/>
      <line num="142" count="25" type="stmt"/>
      <line num="149" count="6" type="stmt"/>
      <line num="154" count="81" type="stmt"/>
      <line num="166" count="6" type="stmt"/>
      <line num="171" count="25" type="stmt"/>
      <line num="182" count="6" type="stmt"/>
      <line num="185" count="6" type="stmt"/>
      <line num="203" count="6" type="stmt"/>
      <line num="207" count="2" type="stmt"/>
      <line num="212" count="1" type="stmt"/>
      <line num="218" count="2" type="stmt"/>
      <line num="219" count="2" type="stmt"/>
      <line num="224" count="2" type="stmt"/>
    </file>
    <file name="AsyncMap.ts" path="/Users/brandon/Documents/github/nullpub/dux/src/AsyncMap.ts">
      <metrics statements="12" coveredstatements="12" conditionals="0" coveredconditionals="0" methods="6" coveredmethods="6"/>
      <line num="1" count="2" type="stmt"/>
      <line num="2" count="2" type="stmt"/>
      <line num="11" count="8" type="stmt"/>
      <line num="14" count="8" type="stmt"/>
      <line num="15" count="4" type="stmt"/>
      <line num="18" count="7" type="stmt"/>
      <line num="19" count="3" type="stmt"/>
      <line num="20" count="3" type="stmt"/>
      <line num="30" count="2" type="stmt"/>
      <line num="37" count="2" type="stmt"/>
      <line num="44" count="2" type="stmt"/>
      <line num="51" count="2" type="stmt"/>
    </file>
    <file name="Effects.ts" path="/Users/brandon/Documents/github/nullpub/dux/src/Effects.ts">
      <metrics statements="3" coveredstatements="3" conditionals="0" coveredconditionals="0" methods="1" coveredmethods="1"/>
      <line num="4" count="1" type="stmt"/>
      <line num="11" count="1" type="stmt"/>
      <line num="19" count="1" type="stmt"/>
    </file>
    <file name="FilterActions.ts" path="/Users/brandon/Documents/github/nullpub/dux/src/FilterActions.ts">
      <metrics statements="5" coveredstatements="5" conditionals="0" coveredconditionals="0" methods="3" coveredmethods="3"/>
      <line num="2" count="1" type="stmt"/>
      <line num="12" count="1" type="stmt"/>
      <line num="15" count="1" type="stmt"/>
      <line num="16" count="6" type="stmt"/>
      <line num="17" count="1" type="stmt"/>
    </file>
    <file name="MapAction.ts" path="/Users/brandon/Documents/github/nullpub/dux/src/MapAction.ts">
      <metrics statements="5" coveredstatements="5" conditionals="2" coveredconditionals="2" methods="3" coveredmethods="3"/>
      <line num="1" count="1" type="stmt"/>
      <line num="2" count="1" type="stmt"/>
      <line num="14" count="1" type="stmt"/>
      <line num="17" count="1" type="stmt"/>
      <line num="18" count="2" type="cond" truecount="2" falsecount="0"/>
    </file>
    <file name="Reducers.ts" path="/Users/brandon/Documents/github/nullpub/dux/src/Reducers.ts">
      <metrics statements="35" coveredstatements="35" conditionals="5" coveredconditionals="5" methods="27" coveredmethods="27"/>
      <line num="1" count="1" type="stmt"/>
      <line num="2" count="1" type="stmt"/>
      <line num="596" count="1" type="stmt"/>
      <line num="599" count="13" type="stmt"/>
      <line num="600" count="58" type="cond" truecount="2" falsecount="0"/>
      <line num="607" count="1" type="stmt"/>
      <line num="610" count="1" type="stmt"/>
      <line num="611" count="14" type="cond" truecount="2" falsecount="0"/>
      <line num="618" count="1" type="stmt"/>
      <line num="620" count="5" type="stmt"/>
      <line num="621" count="55" type="stmt"/>
      <line num="628" count="1" type="stmt"/>
      <line num="631" count="3" type="cond" truecount="1" falsecount="0"/>
      <line num="632" count="25" type="stmt"/>
      <line num="639" count="1" type="stmt"/>
      <line num="643" count="4" type="stmt"/>
      <line num="644" count="2" type="stmt"/>
      <line num="645" count="4" type="stmt"/>
      <line num="646" count="2" type="stmt"/>
      <line num="647" count="4" type="stmt"/>
      <line num="649" count="2" type="stmt"/>
      <line num="661" count="1" type="stmt"/>
      <line num="666" count="2" type="stmt"/>
      <line num="667" count="3" type="stmt"/>
      <line num="671" count="2" type="stmt"/>
      <line num="672" count="1" type="stmt"/>
      <line num="673" count="2" type="stmt"/>
      <line num="674" count="1" type="stmt"/>
      <line num="675" count="2" type="stmt"/>
      <line num="676" count="1" type="stmt"/>
      <line num="678" count="2" type="stmt"/>
      <line num="690" count="1" type="stmt"/>
      <line num="697" count="1" type="stmt"/>
      <line num="699" count="1" type="stmt"/>
      <line num="703" count="1" type="stmt"/>
    </file>
  </project>
</coverage>
