{"/Users/brandon/Documents/github/nullpub/dux/src/Actions.ts": {"path":"/Users/brandon/Documents/github/nullpub/dux/src/Actions.ts","statementMap":{"0":{"start":{"line":132,"column":13},"end":{"line":133,"column":54}},"1":{"start":{"line":133,"column":2},"end":{"line":133,"column":53}},"2":{"start":{"line":138,"column":23},"end":{"line":140,"column":2}},"3":{"start":{"line":138,"column":69},"end":{"line":140,"column":2}},"4":{"start":{"line":139,"column":58},"end":{"line":139,"column":78}},"5":{"start":{"line":142,"column":20},"end":{"line":144,"column":2}},"6":{"start":{"line":142,"column":58},"end":{"line":144,"column":2}},"7":{"start":{"line":149,"column":13},"end":{"line":159,"column":30}},"8":{"start":{"line":154,"column":3},"end":{"line":159,"column":4}},"9":{"start":{"line":154,"column":29},"end":{"line":159,"column":4}},"10":{"start":{"line":166,"column":13},"end":{"line":175,"column":4}},"11":{"start":{"line":171,"column":2},"end":{"line":174,"column":null}},"12":{"start":{"line":182,"column":13},"end":{"line":196,"column":3}},"13":{"start":{"line":185,"column":39},"end":{"line":196,"column":2}},"14":{"start":{"line":203,"column":13},"end":{"line":228,"column":2}},"15":{"start":{"line":207,"column":17},"end":{"line":215,"column":null}},"16":{"start":{"line":212,"column":4},"end":{"line":215,"column":null}},"17":{"start":{"line":218,"column":16},"end":{"line":221,"column":null}},"18":{"start":{"line":219,"column":4},"end":{"line":221,"column":null}},"19":{"start":{"line":224,"column":2},"end":{"line":227,"column":4}}},"fnMap":{"0":{"name":"(anonymous_0)","decl":{"start":{"line":132,"column":28},"end":{"line":132,"column":29}},"loc":{"start":{"line":133,"column":2},"end":{"line":133,"column":53}}},"1":{"name":"(anonymous_1)","decl":{"start":{"line":138,"column":23},"end":{"line":138,"column":30}},"loc":{"start":{"line":138,"column":69},"end":{"line":140,"column":2}}},"2":{"name":"(anonymous_2)","decl":{"start":{"line":139,"column":9},"end":{"line":139,"column":10}},"loc":{"start":{"line":139,"column":58},"end":{"line":139,"column":78}}},"3":{"name":"(anonymous_3)","decl":{"start":{"line":142,"column":20},"end":{"line":142,"column":21}},"loc":{"start":{"line":142,"column":58},"end":{"line":144,"column":2}}},"4":{"name":"(anonymous_4)","decl":{"start":{"line":149,"column":29},"end":{"line":149,"column":null}},"loc":{"start":{"line":154,"column":3},"end":{"line":159,"column":4}}},"5":{"name":"(anonymous_5)","decl":{"start":{"line":154,"column":3},"end":{"line":154,"column":4}},"loc":{"start":{"line":154,"column":29},"end":{"line":159,"column":4}}},"6":{"name":"(anonymous_6)","decl":{"start":{"line":166,"column":29},"end":{"line":166,"column":null}},"loc":{"start":{"line":171,"column":2},"end":{"line":174,"column":null}}},"7":{"name":"(anonymous_7)","decl":{"start":{"line":182,"column":35},"end":{"line":182,"column":null}},"loc":{"start":{"line":185,"column":39},"end":{"line":196,"column":2}}},"8":{"name":"(anonymous_8)","decl":{"start":{"line":203,"column":36},"end":{"line":203,"column":null}},"loc":{"start":{"line":206,"column":28},"end":{"line":228,"column":1}}},"9":{"name":"(anonymous_9)","decl":{"start":{"line":207,"column":17},"end":{"line":207,"column":null}},"loc":{"start":{"line":212,"column":4},"end":{"line":215,"column":null}}},"10":{"name":"(anonymous_10)","decl":{"start":{"line":218,"column":16},"end":{"line":218,"column":43}},"loc":{"start":{"line":219,"column":4},"end":{"line":221,"column":null}}}},"branchMap":{"0":{"loc":{"start":{"line":133,"column":21},"end":{"line":133,"column":36}},"type":"cond-expr","locations":[{"start":{"line":133,"column":21},"end":{"line":133,"column":36}},{"start":{"line":133,"column":39},"end":{"line":133,"column":53}}]},"1":{"loc":{"start":{"line":152,"column":10},"end":{"line":152,"column":15}},"type":"default-arg","locations":[{"start":{"line":152,"column":10},"end":{"line":152,"column":15}}]},"2":{"loc":{"start":{"line":169,"column":10},"end":{"line":169,"column":15}},"type":"default-arg","locations":[{"start":{"line":169,"column":10},"end":{"line":169,"column":15}}]},"3":{"loc":{"start":{"line":210,"column":12},"end":{"line":210,"column":17}},"type":"default-arg","locations":[{"start":{"line":210,"column":12},"end":{"line":210,"column":17}}]}},"s":{"0":6,"1":49,"2":6,"3":25,"4":98,"5":6,"6":25,"7":6,"8":28,"9":81,"10":6,"11":25,"12":6,"13":6,"14":6,"15":2,"16":1,"17":2,"18":2,"19":2},"f":{"0":49,"1":25,"2":98,"3":25,"4":28,"5":81,"6":25,"7":6,"8":2,"9":1,"10":2},"b":{"0":[48,1],"1":[1],"2":[17],"3":[1]}}
,"/Users/brandon/Documents/github/nullpub/dux/src/AsyncMap.ts": {"path":"/Users/brandon/Documents/github/nullpub/dux/src/AsyncMap.ts","statementMap":{"0":{"start":{"line":1,"column":0},"end":{"line":1,"column":38}},"1":{"start":{"line":2,"column":0},"end":{"line":2,"column":101}},"2":{"start":{"line":11,"column":24},"end":{"line":22,"column":null}},"3":{"start":{"line":11,"column":53},"end":{"line":22,"column":null}},"4":{"start":{"line":14,"column":5},"end":{"line":22,"column":null}},"5":{"start":{"line":15,"column":2},"end":{"line":22,"column":null}},"6":{"start":{"line":18,"column":6},"end":{"line":20,"column":null}},"7":{"start":{"line":19,"column":22},"end":{"line":19,"column":62}},"8":{"start":{"line":20,"column":28},"end":{"line":20,"column":71}},"9":{"start":{"line":30,"column":13},"end":{"line":30,"column":57}},"10":{"start":{"line":37,"column":13},"end":{"line":37,"column":59}},"11":{"start":{"line":44,"column":13},"end":{"line":44,"column":55}},"12":{"start":{"line":51,"column":13},"end":{"line":51,"column":57}}},"fnMap":{"0":{"name":"(anonymous_0)","decl":{"start":{"line":11,"column":24},"end":{"line":11,"column":25}},"loc":{"start":{"line":11,"column":53},"end":{"line":22,"column":null}}},"1":{"name":"(anonymous_1)","decl":{"start":{"line":11,"column":53},"end":{"line":11,"column":null}},"loc":{"start":{"line":14,"column":5},"end":{"line":22,"column":null}}},"2":{"name":"(anonymous_2)","decl":{"start":{"line":14,"column":5},"end":{"line":14,"column":6}},"loc":{"start":{"line":15,"column":2},"end":{"line":22,"column":null}}},"3":{"name":"(anonymous_3)","decl":{"start":{"line":17,"column":11},"end":{"line":17,"column":12}},"loc":{"start":{"line":18,"column":6},"end":{"line":20,"column":null}}},"4":{"name":"(anonymous_4)","decl":{"start":{"line":19,"column":12},"end":{"line":19,"column":18}},"loc":{"start":{"line":19,"column":22},"end":{"line":19,"column":62}}},"5":{"name":"(anonymous_5)","decl":{"start":{"line":20,"column":19},"end":{"line":20,"column":24}},"loc":{"start":{"line":20,"column":28},"end":{"line":20,"column":71}}}},"branchMap":{},"s":{"0":2,"1":2,"2":2,"3":8,"4":8,"5":4,"6":7,"7":3,"8":3,"9":2,"10":2,"11":2,"12":2},"f":{"0":8,"1":8,"2":4,"3":7,"4":3,"5":3},"b":{}}
,"/Users/brandon/Documents/github/nullpub/dux/src/Effects.ts": {"path":"/Users/brandon/Documents/github/nullpub/dux/src/Effects.ts","statementMap":{"0":{"start":{"line":4,"column":0},"end":{"line":4,"column":92}},"1":{"start":{"line":11,"column":13},"end":{"line":24,"column":3}},"2":{"start":{"line":19,"column":6},"end":{"line":24,"column":2}}},"fnMap":{"0":{"name":"(anonymous_0)","decl":{"start":{"line":11,"column":30},"end":{"line":11,"column":null}},"loc":{"start":{"line":19,"column":6},"end":{"line":24,"column":2}}}},"branchMap":{},"s":{"0":1,"1":1,"2":1},"f":{"0":1},"b":{}}
,"/Users/brandon/Documents/github/nullpub/dux/src/FilterActions.ts": {"path":"/Users/brandon/Documents/github/nullpub/dux/src/FilterActions.ts","statementMap":{"0":{"start":{"line":2,"column":0},"end":{"line":2,"column":40}},"1":{"start":{"line":12,"column":13},"end":{"line":18,"column":2}},"2":{"start":{"line":15,"column":24},"end":{"line":16,"column":41}},"3":{"start":{"line":16,"column":4},"end":{"line":16,"column":41}},"4":{"start":{"line":16,"column":32},"end":{"line":16,"column":40}},"5":{"start":{"line":17,"column":2},"end":{"line":17,"column":31}}},"fnMap":{"0":{"name":"(anonymous_0)","decl":{"start":{"line":12,"column":44},"end":{"line":12,"column":null}},"loc":{"start":{"line":14,"column":4},"end":{"line":18,"column":1}}},"1":{"name":"(anonymous_1)","decl":{"start":{"line":15,"column":24},"end":{"line":15,"column":25}},"loc":{"start":{"line":16,"column":4},"end":{"line":16,"column":41}}},"2":{"name":"(anonymous_2)","decl":{"start":{"line":16,"column":17},"end":{"line":16,"column":18}},"loc":{"start":{"line":16,"column":32},"end":{"line":16,"column":40}}}},"branchMap":{},"s":{"0":1,"1":1,"2":1,"3":4,"4":6,"5":1},"f":{"0":1,"1":4,"2":6},"b":{}}
,"/Users/brandon/Documents/github/nullpub/dux/src/MapAction.ts": {"path":"/Users/brandon/Documents/github/nullpub/dux/src/MapAction.ts","statementMap":{"0":{"start":{"line":1,"column":0},"end":{"line":1,"column":44}},"1":{"start":{"line":2,"column":0},"end":{"line":2,"column":42}},"2":{"start":{"line":14,"column":13},"end":{"line":18,"column":80}},"3":{"start":{"line":17,"column":5},"end":{"line":18,"column":79}},"4":{"start":{"line":18,"column":2},"end":{"line":18,"column":79}},"5":{"start":{"line":18,"column":26},"end":{"line":18,"column":76}}},"fnMap":{"0":{"name":"(anonymous_0)","decl":{"start":{"line":14,"column":25},"end":{"line":14,"column":null}},"loc":{"start":{"line":17,"column":5},"end":{"line":18,"column":79}}},"1":{"name":"(anonymous_1)","decl":{"start":{"line":17,"column":5},"end":{"line":17,"column":6}},"loc":{"start":{"line":18,"column":2},"end":{"line":18,"column":79}}},"2":{"name":"(anonymous_2)","decl":{"start":{"line":18,"column":20},"end":{"line":18,"column":21}},"loc":{"start":{"line":18,"column":26},"end":{"line":18,"column":76}}}},"branchMap":{"0":{"loc":{"start":{"line":18,"column":44},"end":{"line":18,"column":68}},"type":"cond-expr","locations":[{"start":{"line":18,"column":44},"end":{"line":18,"column":68}},{"start":{"line":18,"column":71},"end":{"line":18,"column":76}}]}},"s":{"0":1,"1":1,"2":1,"3":1,"4":1,"5":2},"f":{"0":1,"1":1,"2":2},"b":{"0":[1,1]}}
,"/Users/brandon/Documents/github/nullpub/dux/src/Reducers.ts": {"path":"/Users/brandon/Documents/github/nullpub/dux/src/Reducers.ts","statementMap":{"0":{"start":{"line":1,"column":0},"end":{"line":1,"column":95}},"1":{"start":{"line":2,"column":0},"end":{"line":2,"column":34}},"2":{"start":{"line":596,"column":13},"end":{"line":600,"column":46}},"3":{"start":{"line":599,"column":29},"end":{"line":600,"column":45}},"4":{"start":{"line":600,"column":2},"end":{"line":600,"column":45}},"5":{"start":{"line":607,"column":13},"end":{"line":611,"column":68}},"6":{"start":{"line":610,"column":33},"end":{"line":611,"column":67}},"7":{"start":{"line":611,"column":2},"end":{"line":611,"column":67}},"8":{"start":{"line":611,"column":30},"end":{"line":611,"column":38}},"9":{"start":{"line":618,"column":13},"end":{"line":621,"column":46}},"10":{"start":{"line":620,"column":33},"end":{"line":621,"column":45}},"11":{"start":{"line":621,"column":2},"end":{"line":621,"column":45}},"12":{"start":{"line":621,"column":25},"end":{"line":621,"column":37}},"13":{"start":{"line":628,"column":13},"end":{"line":632,"column":46}},"14":{"start":{"line":631,"column":5},"end":{"line":632,"column":45}},"15":{"start":{"line":632,"column":2},"end":{"line":632,"column":45}},"16":{"start":{"line":632,"column":25},"end":{"line":632,"column":37}},"17":{"start":{"line":639,"column":13},"end":{"line":654,"column":2}},"18":{"start":{"line":643,"column":25},"end":{"line":643,"column":66}},"19":{"start":{"line":643,"column":41},"end":{"line":643,"column":66}},"20":{"start":{"line":644,"column":25},"end":{"line":645,"column":40}},"21":{"start":{"line":645,"column":4},"end":{"line":645,"column":40}},"22":{"start":{"line":645,"column":21},"end":{"line":645,"column":36}},"23":{"start":{"line":646,"column":25},"end":{"line":647,"column":39}},"24":{"start":{"line":647,"column":4},"end":{"line":647,"column":39}},"25":{"start":{"line":647,"column":21},"end":{"line":647,"column":35}},"26":{"start":{"line":649,"column":2},"end":{"line":653,"column":4}},"27":{"start":{"line":661,"column":13},"end":{"line":683,"column":2}},"28":{"start":{"line":666,"column":17},"end":{"line":668,"column":null}},"29":{"start":{"line":667,"column":4},"end":{"line":668,"column":null}},"30":{"start":{"line":671,"column":25},"end":{"line":672,"column":50}},"31":{"start":{"line":672,"column":4},"end":{"line":672,"column":50}},"32":{"start":{"line":673,"column":25},"end":{"line":674,"column":60}},"33":{"start":{"line":674,"column":4},"end":{"line":674,"column":60}},"34":{"start":{"line":674,"column":41},"end":{"line":674,"column":56}},"35":{"start":{"line":675,"column":25},"end":{"line":676,"column":59}},"36":{"start":{"line":676,"column":4},"end":{"line":676,"column":59}},"37":{"start":{"line":676,"column":41},"end":{"line":676,"column":55}},"38":{"start":{"line":678,"column":2},"end":{"line":682,"column":4}},"39":{"start":{"line":690,"column":13},"end":{"line":704,"column":3}},"40":{"start":{"line":697,"column":6},"end":{"line":704,"column":2}},"41":{"start":{"line":699,"column":4},"end":{"line":699,"column":37}},"42":{"start":{"line":703,"column":7},"end":{"line":703,"column":45}}},"fnMap":{"0":{"name":"(anonymous_0)","decl":{"start":{"line":596,"column":22},"end":{"line":596,"column":null}},"loc":{"start":{"line":599,"column":29},"end":{"line":600,"column":45}}},"1":{"name":"(anonymous_1)","decl":{"start":{"line":599,"column":29},"end":{"line":599,"column":30}},"loc":{"start":{"line":600,"column":2},"end":{"line":600,"column":45}}},"2":{"name":"(anonymous_2)","decl":{"start":{"line":607,"column":32},"end":{"line":607,"column":null}},"loc":{"start":{"line":610,"column":33},"end":{"line":611,"column":67}}},"3":{"name":"(anonymous_3)","decl":{"start":{"line":610,"column":33},"end":{"line":610,"column":34}},"loc":{"start":{"line":611,"column":2},"end":{"line":611,"column":67}}},"4":{"name":"(anonymous_4)","decl":{"start":{"line":611,"column":15},"end":{"line":611,"column":16}},"loc":{"start":{"line":611,"column":30},"end":{"line":611,"column":38}}},"5":{"name":"(anonymous_5)","decl":{"start":{"line":618,"column":36},"end":{"line":618,"column":null}},"loc":{"start":{"line":620,"column":33},"end":{"line":621,"column":45}}},"6":{"name":"(anonymous_6)","decl":{"start":{"line":620,"column":33},"end":{"line":620,"column":34}},"loc":{"start":{"line":621,"column":2},"end":{"line":621,"column":45}}},"7":{"name":"(anonymous_7)","decl":{"start":{"line":621,"column":15},"end":{"line":621,"column":16}},"loc":{"start":{"line":621,"column":25},"end":{"line":621,"column":37}}},"8":{"name":"(anonymous_8)","decl":{"start":{"line":628,"column":32},"end":{"line":628,"column":null}},"loc":{"start":{"line":631,"column":5},"end":{"line":632,"column":45}}},"9":{"name":"(anonymous_9)","decl":{"start":{"line":631,"column":5},"end":{"line":631,"column":6}},"loc":{"start":{"line":632,"column":2},"end":{"line":632,"column":45}}},"10":{"name":"(anonymous_10)","decl":{"start":{"line":632,"column":15},"end":{"line":632,"column":16}},"loc":{"start":{"line":632,"column":25},"end":{"line":632,"column":37}}},"11":{"name":"(anonymous_11)","decl":{"start":{"line":639,"column":35},"end":{"line":639,"column":null}},"loc":{"start":{"line":642,"column":4},"end":{"line":654,"column":1}}},"12":{"name":"(anonymous_12)","decl":{"start":{"line":643,"column":25},"end":{"line":643,"column":26}},"loc":{"start":{"line":643,"column":41},"end":{"line":643,"column":66}}},"13":{"name":"(anonymous_13)","decl":{"start":{"line":644,"column":25},"end":{"line":644,"column":26}},"loc":{"start":{"line":645,"column":4},"end":{"line":645,"column":40}}},"14":{"name":"(anonymous_14)","decl":{"start":{"line":645,"column":16},"end":{"line":645,"column":17}},"loc":{"start":{"line":645,"column":21},"end":{"line":645,"column":36}}},"15":{"name":"(anonymous_15)","decl":{"start":{"line":646,"column":25},"end":{"line":646,"column":26}},"loc":{"start":{"line":647,"column":4},"end":{"line":647,"column":39}}},"16":{"name":"(anonymous_16)","decl":{"start":{"line":647,"column":16},"end":{"line":647,"column":17}},"loc":{"start":{"line":647,"column":21},"end":{"line":647,"column":35}}},"17":{"name":"(anonymous_17)","decl":{"start":{"line":661,"column":34},"end":{"line":661,"column":null}},"loc":{"start":{"line":665,"column":4},"end":{"line":683,"column":1}}},"18":{"name":"(anonymous_18)","decl":{"start":{"line":666,"column":17},"end":{"line":666,"column":18}},"loc":{"start":{"line":667,"column":4},"end":{"line":668,"column":null}}},"19":{"name":"(anonymous_19)","decl":{"start":{"line":671,"column":25},"end":{"line":671,"column":26}},"loc":{"start":{"line":672,"column":4},"end":{"line":672,"column":50}}},"20":{"name":"(anonymous_20)","decl":{"start":{"line":673,"column":25},"end":{"line":673,"column":26}},"loc":{"start":{"line":674,"column":4},"end":{"line":674,"column":60}}},"21":{"name":"(anonymous_21)","decl":{"start":{"line":674,"column":36},"end":{"line":674,"column":37}},"loc":{"start":{"line":674,"column":41},"end":{"line":674,"column":56}}},"22":{"name":"(anonymous_22)","decl":{"start":{"line":675,"column":25},"end":{"line":675,"column":26}},"loc":{"start":{"line":676,"column":4},"end":{"line":676,"column":59}}},"23":{"name":"(anonymous_23)","decl":{"start":{"line":676,"column":36},"end":{"line":676,"column":37}},"loc":{"start":{"line":676,"column":41},"end":{"line":676,"column":55}}},"24":{"name":"(anonymous_24)","decl":{"start":{"line":690,"column":36},"end":{"line":690,"column":null}},"loc":{"start":{"line":697,"column":6},"end":{"line":704,"column":2}}},"25":{"name":"(anonymous_25)","decl":{"start":{"line":698,"column":11},"end":{"line":698,"column":15}},"loc":{"start":{"line":699,"column":4},"end":{"line":699,"column":37}}},"26":{"name":"(anonymous_26)","decl":{"start":{"line":700,"column":17},"end":{"line":700,"column":null}},"loc":{"start":{"line":703,"column":7},"end":{"line":703,"column":45}}}},"branchMap":{"0":{"loc":{"start":{"line":600,"column":20},"end":{"line":600,"column":41}},"type":"cond-expr","locations":[{"start":{"line":600,"column":20},"end":{"line":600,"column":41}},{"start":{"line":600,"column":44},"end":{"line":600,"column":45}}]},"1":{"loc":{"start":{"line":611,"column":42},"end":{"line":611,"column":63}},"type":"cond-expr","locations":[{"start":{"line":611,"column":42},"end":{"line":611,"column":63}},{"start":{"line":611,"column":66},"end":{"line":611,"column":67}}]},"2":{"loc":{"start":{"line":631,"column":29},"end":{"line":631,"column":41}},"type":"default-arg","locations":[{"start":{"line":631,"column":29},"end":{"line":631,"column":41}}]}},"s":{"0":1,"1":1,"2":1,"3":13,"4":58,"5":1,"6":1,"7":9,"8":14,"9":1,"10":5,"11":19,"12":55,"13":1,"14":3,"15":21,"16":25,"17":1,"18":2,"19":4,"20":2,"21":4,"22":4,"23":2,"24":4,"25":4,"26":2,"27":1,"28":2,"29":3,"30":2,"31":1,"32":2,"33":1,"34":1,"35":2,"36":1,"37":1,"38":2,"39":1,"40":1,"41":1,"42":1},"f":{"0":13,"1":58,"2":1,"3":9,"4":14,"5":5,"6":19,"7":55,"8":3,"9":21,"10":25,"11":2,"12":4,"13":4,"14":4,"15":4,"16":4,"17":2,"18":3,"19":1,"20":1,"21":1,"22":1,"23":1,"24":1,"25":1,"26":1},"b":{"0":[19,39],"1":[8,1],"2":[10]}}
}
