TN:
SF:/Users/brandon/Documents/github/nullpub/dux/src/Actions.ts
FN:132,(anonymous_0)
FN:138,(anonymous_1)
FN:139,(anonymous_2)
FN:142,(anonymous_3)
FN:149,(anonymous_4)
FN:154,(anonymous_5)
FN:166,(anonymous_6)
FN:182,(anonymous_7)
FN:203,(anonymous_8)
FN:207,(anonymous_9)
FN:218,(anonymous_10)
FNF:11
FNH:11
FNDA:49,(anonymous_0)
FNDA:25,(anonymous_1)
FNDA:98,(anonymous_2)
FNDA:25,(anonymous_3)
FNDA:28,(anonymous_4)
FNDA:81,(anonymous_5)
FNDA:25,(anonymous_6)
FNDA:6,(anonymous_7)
FNDA:2,(anonymous_8)
FNDA:1,(anonymous_9)
FNDA:2,(anonymous_10)
DA:132,6
DA:133,49
DA:138,25
DA:139,98
DA:142,25
DA:149,6
DA:154,81
DA:166,6
DA:171,25
DA:182,6
DA:185,6
DA:203,6
DA:207,2
DA:212,1
DA:218,2
DA:219,2
DA:224,2
LF:17
LH:17
BRDA:133,0,0,48
BRDA:133,0,1,1
BRDA:152,1,0,1
BRDA:169,2,0,17
BRDA:210,3,0,1
BRF:5
BRH:5
end_of_record
TN:
SF:/Users/brandon/Documents/github/nullpub/dux/src/AsyncMap.ts
FN:11,(anonymous_0)
FN:11,(anonymous_1)
FN:14,(anonymous_2)
FN:17,(anonymous_3)
FN:19,(anonymous_4)
FN:20,(anonymous_5)
FNF:6
FNH:6
FNDA:8,(anonymous_0)
FNDA:8,(anonymous_1)
FNDA:4,(anonymous_2)
FNDA:7,(anonymous_3)
FNDA:3,(anonymous_4)
FNDA:3,(anonymous_5)
DA:1,2
DA:2,2
DA:11,8
DA:14,8
DA:15,4
DA:18,7
DA:19,3
DA:20,3
DA:30,2
DA:37,2
DA:44,2
DA:51,2
LF:12
LH:12
BRF:0
BRH:0
end_of_record
TN:
SF:/Users/brandon/Documents/github/nullpub/dux/src/Effects.ts
FN:11,(anonymous_0)
FNF:1
FNH:1
FNDA:1,(anonymous_0)
DA:4,1
DA:11,1
DA:19,1
LF:3
LH:3
BRF:0
BRH:0
end_of_record
TN:
SF:/Users/brandon/Documents/github/nullpub/dux/src/FilterActions.ts
FN:12,(anonymous_0)
FN:15,(anonymous_1)
FN:16,(anonymous_2)
FNF:3
FNH:3
FNDA:1,(anonymous_0)
FNDA:4,(anonymous_1)
FNDA:6,(anonymous_2)
DA:2,1
DA:12,1
DA:15,1
DA:16,6
DA:17,1
LF:5
LH:5
BRF:0
BRH:0
end_of_record
TN:
SF:/Users/brandon/Documents/github/nullpub/dux/src/MapAction.ts
FN:14,(anonymous_0)
FN:17,(anonymous_1)
FN:18,(anonymous_2)
FNF:3
FNH:3
FNDA:1,(anonymous_0)
FNDA:1,(anonymous_1)
FNDA:2,(anonymous_2)
DA:1,1
DA:2,1
DA:14,1
DA:17,1
DA:18,2
LF:5
LH:5
BRDA:18,0,0,1
BRDA:18,0,1,1
BRF:2
BRH:2
end_of_record
TN:
SF:/Users/brandon/Documents/github/nullpub/dux/src/Reducers.ts
FN:596,(anonymous_0)
FN:599,(anonymous_1)
FN:607,(anonymous_2)
FN:610,(anonymous_3)
FN:611,(anonymous_4)
FN:618,(anonymous_5)
FN:620,(anonymous_6)
FN:621,(anonymous_7)
FN:628,(anonymous_8)
FN:631,(anonymous_9)
FN:632,(anonymous_10)
FN:639,(anonymous_11)
FN:643,(anonymous_12)
FN:644,(anonymous_13)
FN:645,(anonymous_14)
FN:646,(anonymous_15)
FN:647,(anonymous_16)
FN:661,(anonymous_17)
FN:666,(anonymous_18)
FN:671,(anonymous_19)
FN:673,(anonymous_20)
FN:674,(anonymous_21)
FN:675,(anonymous_22)
FN:676,(anonymous_23)
FN:690,(anonymous_24)
FN:698,(anonymous_25)
FN:700,(anonymous_26)
FNF:27
FNH:27
FNDA:13,(anonymous_0)
FNDA:58,(anonymous_1)
FNDA:1,(anonymous_2)
FNDA:9,(anonymous_3)
FNDA:14,(anonymous_4)
FNDA:5,(anonymous_5)
FNDA:19,(anonymous_6)
FNDA:55,(anonymous_7)
FNDA:3,(anonymous_8)
FNDA:21,(anonymous_9)
FNDA:25,(anonymous_10)
FNDA:2,(anonymous_11)
FNDA:4,(anonymous_12)
FNDA:4,(anonymous_13)
FNDA:4,(anonymous_14)
FNDA:4,(anonymous_15)
FNDA:4,(anonymous_16)
FNDA:2,(anonymous_17)
FNDA:3,(anonymous_18)
FNDA:1,(anonymous_19)
FNDA:1,(anonymous_20)
FNDA:1,(anonymous_21)
FNDA:1,(anonymous_22)
FNDA:1,(anonymous_23)
FNDA:1,(anonymous_24)
FNDA:1,(anonymous_25)
FNDA:1,(anonymous_26)
DA:1,1
DA:2,1
DA:596,1
DA:599,13
DA:600,58
DA:607,1
DA:610,1
DA:611,14
DA:618,1
DA:620,5
DA:621,55
DA:628,1
DA:631,3
DA:632,25
DA:639,1
DA:643,4
DA:644,2
DA:645,4
DA:646,2
DA:647,4
DA:649,2
DA:661,1
DA:666,2
DA:667,3
DA:671,2
DA:672,1
DA:673,2
DA:674,1
DA:675,2
DA:676,1
DA:678,2
DA:690,1
DA:697,1
DA:699,1
DA:703,1
LF:35
LH:35
BRDA:600,0,0,19
BRDA:600,0,1,39
BRDA:611,1,0,8
BRDA:611,1,1,1
BRDA:631,2,0,10
BRF:5
BRH:5
end_of_record
